Desired=Unknown/Install/Remove/Purge/Hold
| Status=Not/Inst/Conf-files/Unpacked/halF-conf/Half-inst/trig-aWait/Trig-pend
|/ Err?=(none)/Reinst-required (Status,Err: uppercase=bad)
||/ Name                      Version                 Architecture Description
+++-=========================-=======================-============-========================================================================
ii  adduser                   3.134                   all          add and remove users and groups
ii  apt                       2.6.1                   arm64        commandline package manager
ii  base-files                12.4+deb12u5            arm64        Debian base system miscellaneous files
ii  base-passwd               3.6.1                   arm64        Debian base system master password and group files
ii  bash                      5.2.15-2+b2             arm64        GNU Bourne Again SHell
ii  bsdutils                  1:2.38.1-5+deb12u1      arm64        basic utilities from 4.4BSD-Lite
ii  ca-certificates           20230311                all          Common CA certificates
ii  cloudflare-warp           2024.4.133-1            arm64        Cloudflare Warp Client
ii  coreutils                 9.1-1                   arm64        GNU core utilities
ii  dash                      0.5.12-2                arm64        POSIX-compliant shell
ii  dbus                      1.14.10-1~deb12u1       arm64        simple interprocess messaging system (system message bus)
ii  dbus-bin                  1.14.10-1~deb12u1       arm64        simple interprocess messaging system (command line utilities)
ii  dbus-daemon               1.14.10-1~deb12u1       arm64        simple interprocess messaging system (reference message bus)
ii  dbus-session-bus-common   1.14.10-1~deb12u1       all          simple interprocess messaging system (session bus configuration)
ii  dbus-system-bus-common    1.14.10-1~deb12u1       all          simple interprocess messaging system (system bus configuration)
ii  debconf                   1.5.82                  all          Debian configuration management system
ii  debian-archive-keyring    2023.3+deb12u1          all          GnuPG archive keys of the Debian archive
ii  debianutils               5.7-0.5~deb12u1         arm64        Miscellaneous utilities specific to Debian
ii  desktop-file-utils        0.26-1                  arm64        Utilities for .desktop files
ii  diffutils                 1:3.8-4                 arm64        File comparison utilities
ii  dirmngr                   2.2.40-1.1              arm64        GNU privacy guard - network certificate management service
ii  dmsetup                   2:1.02.185-2            arm64        Linux Kernel Device Mapper userspace library
ii  dpkg                      1.21.22                 arm64        Debian package management system
ii  e2fsprogs                 1.47.0-2                arm64        ext2/ext3/ext4 file system utilities
ii  findutils                 4.9.0-4                 arm64        utilities for finding files--find, xargs
ii  gcc-12-base:arm64         12.2.0-14               arm64        GCC, the GNU Compiler Collection (base package)
ii  gnupg                     2.2.40-1.1              all          GNU privacy guard - a free PGP replacement
ii  gnupg-l10n                2.2.40-1.1              all          GNU privacy guard - localization files
ii  gnupg-utils               2.2.40-1.1              arm64        GNU privacy guard - utility programs
ii  gnupg2                    2.2.40-1.1              all          GNU privacy guard - a free PGP replacement (dummy transitional package)
ii  gpg                       2.2.40-1.1              arm64        GNU Privacy Guard -- minimalist public key operations
ii  gpg-agent                 2.2.40-1.1              arm64        GNU privacy guard - cryptographic agent
ii  gpg-wks-client            2.2.40-1.1              arm64        GNU privacy guard - Web Key Service client
ii  gpg-wks-server            2.2.40-1.1              arm64        GNU privacy guard - Web Key Service server
ii  gpgconf                   2.2.40-1.1              arm64        GNU privacy guard - core configuration utilities
ii  gpgsm                     2.2.40-1.1              arm64        GNU privacy guard - S/MIME version
ii  gpgv                      2.2.40-1.1              arm64        GNU privacy guard - signature verification tool
ii  grep                      3.8-5                   arm64        GNU grep, egrep and fgrep
ii  gzip                      1.12-1                  arm64        GNU compression utilities
ii  hostname                  3.23+nmu1               arm64        utility to set/show the host name or domain name
ii  init-system-helpers       1.65.2                  all          helper tools for all init systems
ii  iproute2                  6.1.0-3                 arm64        networking and traffic control tools
ii  krb5-locales              1.20.1-2+deb12u1        all          internationalization support for MIT Kerberos
ii  libacl1:arm64             2.3.1-3                 arm64        access control list - shared library
ii  libapparmor1:arm64        3.0.8-3                 arm64        changehat AppArmor library
ii  libapt-pkg6.0:arm64       2.6.1                   arm64        package management runtime library
ii  libargon2-1:arm64         0~20171227-0.3+deb12u1  arm64        memory-hard hashing function - runtime library
ii  libassuan0:arm64          2.5.5-5                 arm64        IPC library for the GnuPG components
ii  libatm1:arm64             1:2.5.1-4+b2            arm64        shared library for ATM (Asynchronous Transfer Mode)
ii  libattr1:arm64            1:2.5.1-4               arm64        extended attribute handling - shared library
ii  libaudit-common           1:3.0.9-1               all          Dynamic library for security auditing - common files
ii  libaudit1:arm64           1:3.0.9-1               arm64        Dynamic library for security auditing
ii  libblkid1:arm64           2.38.1-5+deb12u1        arm64        block device ID library
ii  libbpf1:arm64             1:1.1.0-1               arm64        eBPF helper library (shared library)
ii  libbsd0:arm64             0.11.7-2                arm64        utility functions from BSD systems - shared library
ii  libbz2-1.0:arm64          1.0.8-5+b1              arm64        high-quality block-sorting file compressor library - runtime
ii  libc-bin                  2.36-9+deb12u7          arm64        GNU C Library: Binaries
ii  libc6:arm64               2.36-9+deb12u7          arm64        GNU C Library: Shared libraries
ii  libcap-ng0:arm64          0.8.3-1+b3              arm64        alternate POSIX capabilities library
ii  libcap2:arm64             1:2.66-4                arm64        POSIX 1003.1e capabilities (library)
ii  libcap2-bin               1:2.66-4                arm64        POSIX 1003.1e capabilities (utilities)
ii  libcom-err2:arm64         1.47.0-2                arm64        common error description library
ii  libcrypt1:arm64           1:4.4.33-2              arm64        libcrypt shared library
ii  libcryptsetup12:arm64     2:2.6.1-4~deb12u2       arm64        disk encryption support - shared library
ii  libdb5.3:arm64            5.3.28+dfsg2-1          arm64        Berkeley v5.3 Database Libraries [runtime]
ii  libdbus-1-3:arm64         1.14.10-1~deb12u1       arm64        simple interprocess messaging system (library)
ii  libdebconfclient0:arm64   0.270                   arm64        Debian Configuration Management System (C-implementation library)
ii  libdevmapper1.02.1:arm64  2:1.02.185-2            arm64        Linux Kernel Device Mapper userspace library
ii  libedit2:arm64            3.1-20221030-2          arm64        BSD editline and history libraries
ii  libelf1:arm64             0.188-2.1               arm64        library to read and write ELF files
ii  libexpat1:arm64           2.5.0-1                 arm64        XML parsing C library - runtime library
ii  libext2fs2:arm64          1.47.0-2                arm64        ext2/ext3/ext4 file system libraries
ii  libfdisk1:arm64           2.38.1-5+deb12u1        arm64        fdisk partitioning library
ii  libffi8:arm64             3.4.4-1                 arm64        Foreign Function Interface library runtime
ii  libgcc-s1:arm64           12.2.0-14               arm64        GCC support library
ii  libgcrypt20:arm64         1.10.1-3                arm64        LGPL Crypto library - runtime library
ii  libglib2.0-0:arm64        2.74.6-2+deb12u2        arm64        GLib library of C routines
ii  libglib2.0-data           2.74.6-2+deb12u2        all          Common files for GLib library
ii  libgmp10:arm64            2:6.2.1+dfsg1-1.1       arm64        Multiprecision arithmetic library
ii  libgnutls30:arm64         3.7.9-2+deb12u2         arm64        GNU TLS library - main runtime library
ii  libgpg-error0:arm64       1.46-1                  arm64        GnuPG development runtime library
ii  libgpm2:arm64             1.20.7-10+b1            arm64        General Purpose Mouse - shared library
ii  libgssapi-krb5-2:arm64    1.20.1-2+deb12u1        arm64        MIT Kerberos runtime libraries - krb5 GSS-API Mechanism
ii  libhogweed6:arm64         3.8.1-2                 arm64        low level cryptographic library (public-key cryptos)
ii  libicu72:arm64            72.1-3                  arm64        International Components for Unicode
ii  libidn2-0:arm64           2.3.3-1+b1              arm64        Internationalized domain names (IDNA2008/TR46) library
ii  libip4tc2:arm64           1.8.9-2                 arm64        netfilter libip4tc library
ii  libjansson4:arm64         2.14-2                  arm64        C library for encoding, decoding and manipulating JSON data
ii  libjson-c5:arm64          0.16-2                  arm64        JSON manipulation library - shared library
ii  libk5crypto3:arm64        1.20.1-2+deb12u1        arm64        MIT Kerberos runtime libraries - Crypto Library
ii  libkeyutils1:arm64        1.6.3-2                 arm64        Linux Key Management Utilities (library)
ii  libkmod2:arm64            30+20221128-1           arm64        libkmod shared library
ii  libkrb5-3:arm64           1.20.1-2+deb12u1        arm64        MIT Kerberos runtime libraries
ii  libkrb5support0:arm64     1.20.1-2+deb12u1        arm64        MIT Kerberos runtime libraries - Support library
ii  libksba8:arm64            1.6.3-2                 arm64        X.509 and CMS support library
ii  libldap-2.5-0:arm64       2.5.13+dfsg-5           arm64        OpenLDAP libraries
ii  libldap-common            2.5.13+dfsg-5           all          OpenLDAP common files for libraries
ii  liblz4-1:arm64            1.9.4-1                 arm64        Fast LZ compression algorithm library - runtime
ii  liblzma5:arm64            5.4.1-0.2               arm64        XZ-format compression library
ii  libmd0:arm64              1.0.4-2                 arm64        message digest functions from BSD systems - shared library
ii  libmnl0:arm64             1.0.4-3                 arm64        minimalistic Netlink communication library
ii  libmount1:arm64           2.38.1-5+deb12u1        arm64        device mounting library
ii  libncursesw6:arm64        6.4-4                   arm64        shared libraries for terminal handling (wide character support)
ii  libnettle8:arm64          3.8.1-2                 arm64        low level cryptographic library (symmetric and one-way cryptos)
ii  libnftables1:arm64        1.0.6-2+deb12u2         arm64        Netfilter nftables high level userspace API library
ii  libnftnl11:arm64          1.2.4-2                 arm64        Netfilter nftables userspace API library
ii  libnpth0:arm64            1.6-3                   arm64        replacement for GNU Pth using system threads
ii  libnspr4:arm64            2:4.35-1                arm64        NetScape Portable Runtime Library
ii  libnss3:arm64             2:3.87.1-1              arm64        Network Security Service libraries
ii  libnss3-tools             2:3.87.1-1              arm64        Network Security Service tools
ii  libp11-kit0:arm64         0.24.1-2                arm64        library for loading and coordinating access to PKCS#11 modules - runtime
ii  libpam-cap:arm64          1:2.66-4                arm64        POSIX 1003.1e capabilities (PAM module)
ii  libpam-modules:arm64      1.5.2-6+deb12u1         arm64        Pluggable Authentication Modules for PAM
ii  libpam-modules-bin        1.5.2-6+deb12u1         arm64        Pluggable Authentication Modules for PAM - helper binaries
ii  libpam-runtime            1.5.2-6+deb12u1         all          Runtime support for the PAM library
ii  libpam0g:arm64            1.5.2-6+deb12u1         arm64        Pluggable Authentication Modules library
ii  libpcap0.8:arm64          1.10.3-1                arm64        system interface for user-level packet capture
ii  libpcre2-8-0:arm64        10.42-1                 arm64        New Perl Compatible Regular Expression Library- 8 bit runtime files
ii  libreadline8:arm64        8.2-1.3                 arm64        GNU readline and history libraries, run-time libraries
ii  libsasl2-2:arm64          2.1.28+dfsg-10          arm64        Cyrus SASL - authentication abstraction library
ii  libsasl2-modules:arm64    2.1.28+dfsg-10          arm64        Cyrus SASL - pluggable authentication modules
ii  libsasl2-modules-db:arm64 2.1.28+dfsg-10          arm64        Cyrus SASL - pluggable authentication modules (DB)
ii  libseccomp2:arm64         2.5.4-1+b3              arm64        high level interface to Linux seccomp filter
ii  libselinux1:arm64         3.4-1+b6                arm64        SELinux runtime shared libraries
ii  libsemanage-common        3.4-1                   all          Common files for SELinux policy management libraries
ii  libsemanage2:arm64        3.4-1+b5                arm64        SELinux policy management library
ii  libsepol2:arm64           3.4-2.1                 arm64        SELinux library for manipulating binary security policies
ii  libsmartcols1:arm64       2.38.1-5+deb12u1        arm64        smart column output alignment library
ii  libsqlite3-0:arm64        3.40.1-2                arm64        SQLite 3 shared library
ii  libss2:arm64              1.47.0-2                arm64        command-line interface parsing library
ii  libssl3:arm64             3.0.11-1~deb12u2        arm64        Secure Sockets Layer toolkit - shared libraries
ii  libstdc++6:arm64          12.2.0-14               arm64        GNU Standard C++ Library v3
ii  libsystemd-shared:arm64   252.22-1~deb12u1        arm64        systemd shared private library
ii  libsystemd0:arm64         252.22-1~deb12u1        arm64        systemd utility library
ii  libtasn1-6:arm64          4.19.0-2                arm64        Manage ASN.1 structures (runtime)
ii  libtinfo6:arm64           6.4-4                   arm64        shared low-level terminfo library for terminal handling
ii  libtirpc-common           1.3.3+ds-1              all          transport-independent RPC library - common files
ii  libtirpc3:arm64           1.3.3+ds-1              arm64        transport-independent RPC library
ii  libudev1:arm64            252.22-1~deb12u1        arm64        libudev shared library
ii  libunistring2:arm64       1.0-2                   arm64        Unicode string library for C
ii  libuuid1:arm64            2.38.1-5+deb12u1        arm64        Universally Unique ID library
ii  libxml2:arm64             2.9.14+dfsg-1.3~deb12u1 arm64        GNOME XML library
ii  libxtables12:arm64        1.8.9-2                 arm64        netfilter xtables library
ii  libxxhash0:arm64          0.8.1-1                 arm64        shared library for xxhash
ii  libzstd1:arm64            1.5.4+dfsg2-5           arm64        fast lossless compression algorithm
ii  login                     1:4.13+dfsg1-1+b1       arm64        system login tools
ii  logsave                   1.47.0-2                arm64        save the output of a command in a log file
ii  mawk                      1.3.4.20200120-3.1      arm64        Pattern scanning and text processing language
ii  mount                     2.38.1-5+deb12u1        arm64        tools for mounting and manipulating filesystems
ii  ncurses-base              6.4-4                   all          basic terminal type definitions
ii  ncurses-bin               6.4-4                   arm64        terminal-related programs and man pages
ii  netbase                   6.4                     all          Basic TCP/IP networking system
ii  nftables                  1.0.6-2+deb12u2         arm64        Program to control packet filtering rules by Netfilter project
ii  openssl                   3.0.11-1~deb12u2        arm64        Secure Sockets Layer toolkit - cryptographic utility
ii  passwd                    1:4.13+dfsg1-1+b1       arm64        change and administer password and group data
ii  perl-base                 5.36.0-7+deb12u1        arm64        minimal Perl system
ii  pinentry-curses           1.2.1-1                 arm64        curses-based PIN or pass-phrase entry dialog for GnuPG
ii  readline-common           8.2-1.3                 all          GNU readline and history libraries, common files
ii  sed                       4.9-1                   arm64        GNU stream editor for filtering/transforming text
ii  shared-mime-info          2.2-1                   arm64        FreeDesktop.org shared MIME database and spec
ii  systemd                   252.22-1~deb12u1        arm64        system and service manager
ii  sysvinit-utils            3.06-4                  arm64        System-V-like utilities
ii  tar                       1.34+dfsg-1.2+deb12u1   arm64        GNU version of the tar archiving utility
ii  tzdata                    2024a-0+deb12u1         all          time zone and daylight-saving time data
ii  usr-is-merged             37~deb12u1              all          Transitional package to assert a merged-/usr system
ii  util-linux                2.38.1-5+deb12u1        arm64        miscellaneous system utilities
ii  util-linux-extra          2.38.1-5+deb12u1        arm64        interactive login tools
ii  xdg-user-dirs             0.18-1                  arm64        tool to manage well known user directories
ii  zlib1g:arm64              1:1.2.13.dfsg-1         arm64        compression library - runtime
